[2022-06-06 10:43:16,650] {taskinstance.py:1160} INFO - Dependencies all met for <TaskInstance: data_pipeline.tweets_to_es scheduled__2022-06-06T09:05:00+00:00 [queued]>
[2022-06-06 10:43:16,657] {taskinstance.py:1160} INFO - Dependencies all met for <TaskInstance: data_pipeline.tweets_to_es scheduled__2022-06-06T09:05:00+00:00 [queued]>
[2022-06-06 10:43:16,657] {taskinstance.py:1357} INFO - 
--------------------------------------------------------------------------------
[2022-06-06 10:43:16,657] {taskinstance.py:1358} INFO - Starting attempt 1 of 1
[2022-06-06 10:43:16,657] {taskinstance.py:1359} INFO - 
--------------------------------------------------------------------------------
[2022-06-06 10:43:16,669] {taskinstance.py:1378} INFO - Executing <Task(PythonOperator): tweets_to_es> on 2022-06-06 09:05:00+00:00
[2022-06-06 10:43:16,672] {standard_task_runner.py:52} INFO - Started process 17142 to run task
[2022-06-06 10:43:16,675] {standard_task_runner.py:79} INFO - Running: ['airflow', 'tasks', 'run', 'data_pipeline', 'tweets_to_es', 'scheduled__2022-06-06T09:05:00+00:00', '--job-id', '111', '--raw', '--subdir', 'DAGS_FOLDER/airfow_es.py', '--cfg-path', '/tmp/tmpzhe5r0ht', '--error-file', '/tmp/tmpjoettek1']
[2022-06-06 10:43:16,676] {standard_task_runner.py:80} INFO - Job 111: Subtask tweets_to_es
[2022-06-06 10:43:16,710] {task_command.py:370} INFO - Running <TaskInstance: data_pipeline.tweets_to_es scheduled__2022-06-06T09:05:00+00:00 [running]> on host oury-Tp
[2022-06-06 10:43:16,755] {taskinstance.py:1570} INFO - Exporting the following env vars:
AIRFLOW_CTX_DAG_OWNER=airflow
AIRFLOW_CTX_DAG_ID=data_pipeline
AIRFLOW_CTX_TASK_ID=tweets_to_es
AIRFLOW_CTX_EXECUTION_DATE=2022-06-06T09:05:00+00:00
AIRFLOW_CTX_TRY_NUMBER=1
AIRFLOW_CTX_DAG_RUN_ID=scheduled__2022-06-06T09:05:00+00:00
[2022-06-06 10:43:16,756] {taskinstance.py:1890} ERROR - Task failed with exception
Traceback (most recent call last):
  File "/home/oury/.local/lib/python3.10/site-packages/airflow/operators/python.py", line 171, in execute
    return_value = self.execute_callable()
  File "/home/oury/.local/lib/python3.10/site-packages/airflow/operators/python.py", line 189, in execute_callable
    return self.python_callable(*self.op_args, **self.op_kwargs)
TypeError: tweet_to_es_func() missing 5 required positional arguments: 'es', 'start', 'end', 'location', and 'languages'
[2022-06-06 10:43:16,760] {taskinstance.py:1396} INFO - Marking task as FAILED. dag_id=data_pipeline, task_id=tweets_to_es, execution_date=20220606T090500, start_date=20220606T094316, end_date=20220606T094316
[2022-06-06 10:43:16,771] {standard_task_runner.py:92} ERROR - Failed to execute job 111 for task tweets_to_es (tweet_to_es_func() missing 5 required positional arguments: 'es', 'start', 'end', 'location', and 'languages'; 17142)
[2022-06-06 10:43:16,807] {local_task_job.py:156} INFO - Task exited with return code 1
[2022-06-06 10:43:16,823] {local_task_job.py:273} INFO - 0 downstream tasks scheduled from follow-on schedule check
