[2022-06-06 09:58:51,548] {taskinstance.py:1160} INFO - Dependencies all met for <TaskInstance: data_pipeline.tweets_to_es scheduled__2022-06-06T02:35:00+00:00 [queued]>
[2022-06-06 09:58:51,553] {taskinstance.py:1160} INFO - Dependencies all met for <TaskInstance: data_pipeline.tweets_to_es scheduled__2022-06-06T02:35:00+00:00 [queued]>
[2022-06-06 09:58:51,553] {taskinstance.py:1357} INFO - 
--------------------------------------------------------------------------------
[2022-06-06 09:58:51,554] {taskinstance.py:1358} INFO - Starting attempt 1 of 1
[2022-06-06 09:58:51,554] {taskinstance.py:1359} INFO - 
--------------------------------------------------------------------------------
[2022-06-06 09:58:51,565] {taskinstance.py:1378} INFO - Executing <Task(PythonOperator): tweets_to_es> on 2022-06-06 02:35:00+00:00
[2022-06-06 09:58:51,567] {standard_task_runner.py:52} INFO - Started process 7207 to run task
[2022-06-06 09:58:51,570] {standard_task_runner.py:79} INFO - Running: ['airflow', 'tasks', 'run', 'data_pipeline', 'tweets_to_es', 'scheduled__2022-06-06T02:35:00+00:00', '--job-id', '33', '--raw', '--subdir', 'DAGS_FOLDER/airfow_es.py', '--cfg-path', '/tmp/tmphw3_z1xv', '--error-file', '/tmp/tmptvlwnp0n']
[2022-06-06 09:58:51,571] {standard_task_runner.py:80} INFO - Job 33: Subtask tweets_to_es
[2022-06-06 09:58:51,601] {task_command.py:370} INFO - Running <TaskInstance: data_pipeline.tweets_to_es scheduled__2022-06-06T02:35:00+00:00 [running]> on host oury-Tp
[2022-06-06 09:58:51,646] {taskinstance.py:1570} INFO - Exporting the following env vars:
AIRFLOW_CTX_DAG_OWNER=airflow
AIRFLOW_CTX_DAG_ID=data_pipeline
AIRFLOW_CTX_TASK_ID=tweets_to_es
AIRFLOW_CTX_EXECUTION_DATE=2022-06-06T02:35:00+00:00
AIRFLOW_CTX_TRY_NUMBER=1
AIRFLOW_CTX_DAG_RUN_ID=scheduled__2022-06-06T02:35:00+00:00
[2022-06-06 09:58:51,647] {twitter.py:696} INFO - Retrieving scroll page None
[2022-06-06 09:58:51,647] {twitter.py:626} INFO - Retrieving guest token
[2022-06-06 09:58:51,649] {base.py:171} INFO - Retrieving https://twitter.com/search?f=live&lang=en&q=near%3ATunis+since%3A1654505631+until%3A1654505931&src=spelling_expansion_revert_click
[2022-06-06 09:58:52,169] {base.py:189} INFO - Retrieved https://twitter.com/search?f=live&lang=en&q=near%3ATunis+since%3A1654505631+until%3A1654505931&src=spelling_expansion_revert_click: 200
[2022-06-06 09:58:52,172] {base.py:171} INFO - Retrieving https://api.twitter.com/2/search/adaptive.json?include_profile_interstitial_type=1&include_blocking=1&include_blocked_by=1&include_followed_by=1&include_want_retweets=1&include_mute_edge=1&include_can_dm=1&include_can_media_tag=1&skip_status=1&cards_platform=Web-12&include_cards=1&include_ext_alt_text=true&include_quote_count=true&include_reply_count=1&tweet_mode=extended&include_entities=true&include_user_entities=true&include_ext_media_color=true&include_ext_media_availability=true&send_error_codes=true&simple_quoted_tweets=true&q=near%3ATunis+since%3A1654505631+until%3A1654505931&tweet_search_mode=live&count=100&query_source=spelling_expansion_revert_click&pc=1&spelling_corrections=1&ext=mediaStats%2ChighlightedLabel
[2022-06-06 09:58:52,679] {base.py:189} INFO - Retrieved https://api.twitter.com/2/search/adaptive.json?include_profile_interstitial_type=1&include_blocking=1&include_blocked_by=1&include_followed_by=1&include_want_retweets=1&include_mute_edge=1&include_can_dm=1&include_can_media_tag=1&skip_status=1&cards_platform=Web-12&include_cards=1&include_ext_alt_text=true&include_quote_count=true&include_reply_count=1&tweet_mode=extended&include_entities=true&include_user_entities=true&include_ext_media_color=true&include_ext_media_availability=true&send_error_codes=true&simple_quoted_tweets=true&q=near%3ATunis+since%3A1654505631+until%3A1654505931&tweet_search_mode=live&count=100&query_source=spelling_expansion_revert_click&pc=1&spelling_corrections=1&ext=mediaStats%2ChighlightedLabel: 200
[2022-06-06 09:58:53,060] {logging_mixin.py:115} INFO - {'id': 1533735006551658497, 'username': 'FLASHMAGtn', 'tweet_date': datetime.datetime(2022, 6, 6, 8, 58, 15, tzinfo=datetime.timezone.utc), 'tweet_content': 'Quel visage pour la raie au milieu\xa0? https://t.co/eVbpFk4LMi', 'likes_count': 0, 'tweet_url': 'https://twitter.com/FLASHMAGtn/status/1533735006551658497', 'tweet_lang': 'fr'}
[2022-06-06 09:58:53,063] {taskinstance.py:1890} ERROR - Task failed with exception
Traceback (most recent call last):
  File "/home/oury/.local/lib/python3.10/site-packages/airflow/operators/python.py", line 171, in execute
    return_value = self.execute_callable()
  File "/home/oury/.local/lib/python3.10/site-packages/airflow/operators/python.py", line 189, in execute_callable
    return self.python_callable(*self.op_args, **self.op_kwargs)
  File "/home/oury/airflow/dags/airfow_es.py", line 49, in tweet_to_es_func
    index_es_func(tweets_index, tweet)
TypeError: index_es_func() missing 1 required positional argument: 'tweet'
[2022-06-06 09:58:53,067] {taskinstance.py:1396} INFO - Marking task as FAILED. dag_id=data_pipeline, task_id=tweets_to_es, execution_date=20220606T023500, start_date=20220606T085851, end_date=20220606T085853
[2022-06-06 09:58:53,078] {standard_task_runner.py:92} ERROR - Failed to execute job 33 for task tweets_to_es (index_es_func() missing 1 required positional argument: 'tweet'; 7207)
[2022-06-06 09:58:53,107] {local_task_job.py:156} INFO - Task exited with return code 1
[2022-06-06 09:58:53,122] {local_task_job.py:273} INFO - 0 downstream tasks scheduled from follow-on schedule check
[2022-06-06 10:39:19,964] {taskinstance.py:1160} INFO - Dependencies all met for <TaskInstance: data_pipeline.tweets_to_es scheduled__2022-06-06T02:35:00+00:00 [queued]>
[2022-06-06 10:39:19,971] {taskinstance.py:1160} INFO - Dependencies all met for <TaskInstance: data_pipeline.tweets_to_es scheduled__2022-06-06T02:35:00+00:00 [queued]>
[2022-06-06 10:39:19,971] {taskinstance.py:1357} INFO - 
--------------------------------------------------------------------------------
[2022-06-06 10:39:19,971] {taskinstance.py:1358} INFO - Starting attempt 1 of 1
[2022-06-06 10:39:19,971] {taskinstance.py:1359} INFO - 
--------------------------------------------------------------------------------
[2022-06-06 10:39:20,120] {taskinstance.py:1378} INFO - Executing <Task(PythonOperator): tweets_to_es> on 2022-06-06 02:35:00+00:00
[2022-06-06 10:39:20,125] {standard_task_runner.py:52} INFO - Started process 15440 to run task
[2022-06-06 10:39:20,128] {standard_task_runner.py:79} INFO - Running: ['airflow', 'tasks', 'run', 'data_pipeline', 'tweets_to_es', 'scheduled__2022-06-06T02:35:00+00:00', '--job-id', '33', '--raw', '--subdir', 'DAGS_FOLDER/airfow_es.py', '--cfg-path', '/tmp/tmpxrc59pcg', '--error-file', '/tmp/tmpc3vrd0oc']
[2022-06-06 10:39:20,129] {standard_task_runner.py:80} INFO - Job 33: Subtask tweets_to_es
[2022-06-06 10:39:20,312] {task_command.py:370} INFO - Running <TaskInstance: data_pipeline.tweets_to_es scheduled__2022-06-06T02:35:00+00:00 [running]> on host oury-Tp
[2022-06-06 10:39:21,129] {taskinstance.py:1570} INFO - Exporting the following env vars:
AIRFLOW_CTX_DAG_OWNER=airflow
AIRFLOW_CTX_DAG_ID=data_pipeline
AIRFLOW_CTX_TASK_ID=tweets_to_es
AIRFLOW_CTX_EXECUTION_DATE=2022-06-06T02:35:00+00:00
AIRFLOW_CTX_TRY_NUMBER=1
AIRFLOW_CTX_DAG_RUN_ID=scheduled__2022-06-06T02:35:00+00:00
[2022-06-06 10:39:21,131] {taskinstance.py:1890} ERROR - Task failed with exception
Traceback (most recent call last):
  File "/home/oury/.local/lib/python3.10/site-packages/airflow/operators/python.py", line 171, in execute
    return_value = self.execute_callable()
  File "/home/oury/.local/lib/python3.10/site-packages/airflow/operators/python.py", line 189, in execute_callable
    return self.python_callable(*self.op_args, **self.op_kwargs)
TypeError: tweet_to_es_func() missing 5 required positional arguments: 'es', 'start', 'end', 'location', and 'languages'
[2022-06-06 10:39:21,142] {taskinstance.py:1396} INFO - Marking task as FAILED. dag_id=data_pipeline, task_id=tweets_to_es, execution_date=20220606T023500, start_date=20220606T093919, end_date=20220606T093921
[2022-06-06 10:39:21,300] {standard_task_runner.py:92} ERROR - Failed to execute job 33 for task tweets_to_es (tweet_to_es_func() missing 5 required positional arguments: 'es', 'start', 'end', 'location', and 'languages'; 15440)
[2022-06-06 10:39:21,304] {local_task_job.py:156} INFO - Task exited with return code 1
[2022-06-06 10:39:21,320] {local_task_job.py:273} INFO - 0 downstream tasks scheduled from follow-on schedule check
