[2022-06-06 09:58:42,920] {taskinstance.py:1160} INFO - Dependencies all met for <TaskInstance: data_pipeline.tweets_to_es scheduled__2022-06-06T02:25:00+00:00 [queued]>
[2022-06-06 09:58:42,926] {taskinstance.py:1160} INFO - Dependencies all met for <TaskInstance: data_pipeline.tweets_to_es scheduled__2022-06-06T02:25:00+00:00 [queued]>
[2022-06-06 09:58:42,926] {taskinstance.py:1357} INFO - 
--------------------------------------------------------------------------------
[2022-06-06 09:58:42,926] {taskinstance.py:1358} INFO - Starting attempt 1 of 1
[2022-06-06 09:58:42,926] {taskinstance.py:1359} INFO - 
--------------------------------------------------------------------------------
[2022-06-06 09:58:42,937] {taskinstance.py:1378} INFO - Executing <Task(PythonOperator): tweets_to_es> on 2022-06-06 02:25:00+00:00
[2022-06-06 09:58:42,939] {standard_task_runner.py:52} INFO - Started process 7087 to run task
[2022-06-06 09:58:42,943] {standard_task_runner.py:79} INFO - Running: ['airflow', 'tasks', 'run', 'data_pipeline', 'tweets_to_es', 'scheduled__2022-06-06T02:25:00+00:00', '--job-id', '31', '--raw', '--subdir', 'DAGS_FOLDER/airfow_es.py', '--cfg-path', '/tmp/tmpf3y3yyfb', '--error-file', '/tmp/tmp7vz69ev2']
[2022-06-06 09:58:42,943] {standard_task_runner.py:80} INFO - Job 31: Subtask tweets_to_es
[2022-06-06 09:58:42,973] {task_command.py:370} INFO - Running <TaskInstance: data_pipeline.tweets_to_es scheduled__2022-06-06T02:25:00+00:00 [running]> on host oury-Tp
[2022-06-06 09:58:43,015] {taskinstance.py:1570} INFO - Exporting the following env vars:
AIRFLOW_CTX_DAG_OWNER=airflow
AIRFLOW_CTX_DAG_ID=data_pipeline
AIRFLOW_CTX_TASK_ID=tweets_to_es
AIRFLOW_CTX_EXECUTION_DATE=2022-06-06T02:25:00+00:00
AIRFLOW_CTX_TRY_NUMBER=1
AIRFLOW_CTX_DAG_RUN_ID=scheduled__2022-06-06T02:25:00+00:00
[2022-06-06 09:58:43,017] {twitter.py:696} INFO - Retrieving scroll page None
[2022-06-06 09:58:43,017] {twitter.py:626} INFO - Retrieving guest token
[2022-06-06 09:58:43,018] {base.py:171} INFO - Retrieving https://twitter.com/search?f=live&lang=en&q=near%3ATunis+since%3A1654505622+until%3A1654505922&src=spelling_expansion_revert_click
[2022-06-06 09:58:43,539] {base.py:189} INFO - Retrieved https://twitter.com/search?f=live&lang=en&q=near%3ATunis+since%3A1654505622+until%3A1654505922&src=spelling_expansion_revert_click: 200
[2022-06-06 09:58:43,542] {base.py:171} INFO - Retrieving https://api.twitter.com/2/search/adaptive.json?include_profile_interstitial_type=1&include_blocking=1&include_blocked_by=1&include_followed_by=1&include_want_retweets=1&include_mute_edge=1&include_can_dm=1&include_can_media_tag=1&skip_status=1&cards_platform=Web-12&include_cards=1&include_ext_alt_text=true&include_quote_count=true&include_reply_count=1&tweet_mode=extended&include_entities=true&include_user_entities=true&include_ext_media_color=true&include_ext_media_availability=true&send_error_codes=true&simple_quoted_tweets=true&q=near%3ATunis+since%3A1654505622+until%3A1654505922&tweet_search_mode=live&count=100&query_source=spelling_expansion_revert_click&pc=1&spelling_corrections=1&ext=mediaStats%2ChighlightedLabel
[2022-06-06 09:58:43,976] {base.py:189} INFO - Retrieved https://api.twitter.com/2/search/adaptive.json?include_profile_interstitial_type=1&include_blocking=1&include_blocked_by=1&include_followed_by=1&include_want_retweets=1&include_mute_edge=1&include_can_dm=1&include_can_media_tag=1&skip_status=1&cards_platform=Web-12&include_cards=1&include_ext_alt_text=true&include_quote_count=true&include_reply_count=1&tweet_mode=extended&include_entities=true&include_user_entities=true&include_ext_media_color=true&include_ext_media_availability=true&send_error_codes=true&simple_quoted_tweets=true&q=near%3ATunis+since%3A1654505622+until%3A1654505922&tweet_search_mode=live&count=100&query_source=spelling_expansion_revert_click&pc=1&spelling_corrections=1&ext=mediaStats%2ChighlightedLabel: 200
[2022-06-06 09:58:44,352] {logging_mixin.py:115} INFO - {'id': 1533735006551658497, 'username': 'FLASHMAGtn', 'tweet_date': datetime.datetime(2022, 6, 6, 8, 58, 15, tzinfo=datetime.timezone.utc), 'tweet_content': 'Quel visage pour la raie au milieu\xa0? https://t.co/eVbpFk4LMi', 'likes_count': 0, 'tweet_url': 'https://twitter.com/FLASHMAGtn/status/1533735006551658497', 'tweet_lang': 'fr'}
[2022-06-06 09:58:44,354] {taskinstance.py:1890} ERROR - Task failed with exception
Traceback (most recent call last):
  File "/home/oury/.local/lib/python3.10/site-packages/airflow/operators/python.py", line 171, in execute
    return_value = self.execute_callable()
  File "/home/oury/.local/lib/python3.10/site-packages/airflow/operators/python.py", line 189, in execute_callable
    return self.python_callable(*self.op_args, **self.op_kwargs)
  File "/home/oury/airflow/dags/airfow_es.py", line 49, in tweet_to_es_func
    index_es_func(tweets_index, tweet)
TypeError: index_es_func() missing 1 required positional argument: 'tweet'
[2022-06-06 09:58:44,359] {taskinstance.py:1396} INFO - Marking task as FAILED. dag_id=data_pipeline, task_id=tweets_to_es, execution_date=20220606T022500, start_date=20220606T085842, end_date=20220606T085844
[2022-06-06 09:58:44,379] {standard_task_runner.py:92} ERROR - Failed to execute job 31 for task tweets_to_es (index_es_func() missing 1 required positional argument: 'tweet'; 7087)
[2022-06-06 09:58:44,399] {local_task_job.py:156} INFO - Task exited with return code 1
[2022-06-06 09:58:44,423] {local_task_job.py:273} INFO - 0 downstream tasks scheduled from follow-on schedule check
[2022-06-06 10:39:08,827] {taskinstance.py:1160} INFO - Dependencies all met for <TaskInstance: data_pipeline.tweets_to_es scheduled__2022-06-06T02:25:00+00:00 [queued]>
[2022-06-06 10:39:08,834] {taskinstance.py:1160} INFO - Dependencies all met for <TaskInstance: data_pipeline.tweets_to_es scheduled__2022-06-06T02:25:00+00:00 [queued]>
[2022-06-06 10:39:08,834] {taskinstance.py:1357} INFO - 
--------------------------------------------------------------------------------
[2022-06-06 10:39:08,834] {taskinstance.py:1358} INFO - Starting attempt 1 of 1
[2022-06-06 10:39:08,834] {taskinstance.py:1359} INFO - 
--------------------------------------------------------------------------------
[2022-06-06 10:39:08,991] {taskinstance.py:1378} INFO - Executing <Task(PythonOperator): tweets_to_es> on 2022-06-06 02:25:00+00:00
[2022-06-06 10:39:08,995] {standard_task_runner.py:52} INFO - Started process 15367 to run task
[2022-06-06 10:39:08,999] {standard_task_runner.py:79} INFO - Running: ['airflow', 'tasks', 'run', 'data_pipeline', 'tweets_to_es', 'scheduled__2022-06-06T02:25:00+00:00', '--job-id', '31', '--raw', '--subdir', 'DAGS_FOLDER/airfow_es.py', '--cfg-path', '/tmp/tmp_y0qt2ji', '--error-file', '/tmp/tmp91dinn1m']
[2022-06-06 10:39:09,000] {standard_task_runner.py:80} INFO - Job 31: Subtask tweets_to_es
[2022-06-06 10:39:09,214] {task_command.py:370} INFO - Running <TaskInstance: data_pipeline.tweets_to_es scheduled__2022-06-06T02:25:00+00:00 [running]> on host oury-Tp
[2022-06-06 10:39:09,779] {taskinstance.py:1570} INFO - Exporting the following env vars:
AIRFLOW_CTX_DAG_OWNER=airflow
AIRFLOW_CTX_DAG_ID=data_pipeline
AIRFLOW_CTX_TASK_ID=tweets_to_es
AIRFLOW_CTX_EXECUTION_DATE=2022-06-06T02:25:00+00:00
AIRFLOW_CTX_TRY_NUMBER=1
AIRFLOW_CTX_DAG_RUN_ID=scheduled__2022-06-06T02:25:00+00:00
[2022-06-06 10:39:09,782] {taskinstance.py:1890} ERROR - Task failed with exception
Traceback (most recent call last):
  File "/home/oury/.local/lib/python3.10/site-packages/airflow/operators/python.py", line 171, in execute
    return_value = self.execute_callable()
  File "/home/oury/.local/lib/python3.10/site-packages/airflow/operators/python.py", line 189, in execute_callable
    return self.python_callable(*self.op_args, **self.op_kwargs)
TypeError: tweet_to_es_func() missing 5 required positional arguments: 'es', 'start', 'end', 'location', and 'languages'
[2022-06-06 10:39:09,791] {taskinstance.py:1396} INFO - Marking task as FAILED. dag_id=data_pipeline, task_id=tweets_to_es, execution_date=20220606T022500, start_date=20220606T093908, end_date=20220606T093909
[2022-06-06 10:39:10,036] {standard_task_runner.py:92} ERROR - Failed to execute job 31 for task tweets_to_es (tweet_to_es_func() missing 5 required positional arguments: 'es', 'start', 'end', 'location', and 'languages'; 15367)
[2022-06-06 10:39:10,054] {local_task_job.py:156} INFO - Task exited with return code 1
[2022-06-06 10:39:10,081] {local_task_job.py:273} INFO - 0 downstream tasks scheduled from follow-on schedule check
